[debug] [2022-10-28T10:34:04.760Z] ----------------------------------------------------------------------
[debug] [2022-10-28T10:34:04.761Z] Command:       C:\Program Files\nodejs\node.exe C:\Users\Husen\AppData\Roaming\npm\node_modules\firebase-tools\lib\bin\firebase.js init
[debug] [2022-10-28T10:34:04.762Z] CLI Version:   11.15.0
[debug] [2022-10-28T10:34:04.762Z] Platform:      win32
[debug] [2022-10-28T10:34:04.762Z] Node Version:  v18.9.1
[debug] [2022-10-28T10:34:04.771Z] Time:          Fri Oct 28 2022 16:04:04 GMT+0530 (India Standard Time)
[debug] [2022-10-28T10:34:04.772Z] ----------------------------------------------------------------------
[debug] 
[debug] [2022-10-28T10:34:04.829Z] > command requires scopes: ["email","openid","https://www.googleapis.com/auth/cloudplatformprojects.readonly","https://www.googleapis.com/auth/firebase","https://www.googleapis.com/auth/cloud-platform"]
[debug] [2022-10-28T10:34:04.829Z] > authorizing via signed-in user (iamhussainali2@gmail.com)
[info] 
     ######## #### ########  ######## ########     ###     ######  ########
     ##        ##  ##     ## ##       ##     ##  ##   ##  ##       ##
     ######    ##  ########  ######   ########  #########  ######  ######
     ##        ##  ##    ##  ##       ##     ## ##     ##       ## ##
     ##       #### ##     ## ######## ########  ##     ##  ######  ########

You're about to initialize a Firebase project in this directory:

  C:\react\Assignment\digi-coding\client\digi-coding

Before we get started, keep in mind:

  * You are currently outside your home directory
  * You are initializing within an existing Firebase project directory

